<?xml version="1.0" encoding="UTF-8"?>
<testng-results ignored="0" total="3" passed="2" failed="1" skipped="0">
  <reporter-output>
  </reporter-output>
  <suite started-at="2022-06-08T21:33:57 CEST" name="Test All" finished-at="2022-06-08T21:34:05 CEST" duration-ms="7303">
    <groups>
    </groups>
    <test started-at="2022-06-08T21:33:57 CEST" name="Log In Valid Credentials" finished-at="2022-06-08T21:34:01 CEST" duration-ms="3997">
      <class name="swag.lab.test.log_in.LogIn">
        <test-method is-config="true" signature="setUp()[pri:0, instance:swag.lab.test.log_in.LogIn@10db82ae]" started-at="2022-06-08T21:33:57 CEST" name="setUp" finished-at="2022-06-08T21:34:01 CEST" duration-ms="3205" status="PASS">
          <reporter-output>
          </reporter-output>
        </test-method> <!-- setUp -->
        <test-method signature="validLogIn()[pri:1, instance:swag.lab.test.log_in.LogIn@10db82ae]" started-at="2022-06-08T21:34:01 CEST" name="validLogIn" finished-at="2022-06-08T21:34:01 CEST" duration-ms="462" status="PASS">
          <reporter-output>
          </reporter-output>
        </test-method> <!-- validLogIn -->
        <test-method signature="logInLockedUser()[pri:2, instance:swag.lab.test.log_in.LogIn@10db82ae]" started-at="2022-06-08T21:34:01 CEST" name="logInLockedUser" finished-at="2022-06-08T21:34:01 CEST" duration-ms="200" status="PASS">
          <reporter-output>
          </reporter-output>
        </test-method> <!-- logInLockedUser -->
        <test-method is-config="true" signature="endTest()[pri:0, instance:swag.lab.test.log_in.LogIn@10db82ae]" started-at="2022-06-08T21:34:01 CEST" name="endTest" finished-at="2022-06-08T21:34:01 CEST" duration-ms="110" status="PASS">
          <reporter-output>
          </reporter-output>
        </test-method> <!-- endTest -->
      </class> <!-- swag.lab.test.log_in.LogIn -->
    </test> <!-- Log In Valid Credentials -->
    <test started-at="2022-06-08T21:34:01 CEST" name="PLP Sorting" finished-at="2022-06-08T21:34:05 CEST" duration-ms="3287">
      <class name="swag.lab.test.plp.PLPSorting">
        <test-method is-config="true" signature="setUp()[pri:0, instance:swag.lab.test.plp.PLPSorting@15b204a1]" started-at="2022-06-08T21:34:01 CEST" name="setUp" finished-at="2022-06-08T21:34:03 CEST" duration-ms="1766" status="PASS">
          <reporter-output>
          </reporter-output>
        </test-method> <!-- setUp -->
        <test-method signature="sortingPLP()[pri:0, instance:swag.lab.test.plp.PLPSorting@15b204a1]" started-at="2022-06-08T21:34:03 CEST" name="sortingPLP" finished-at="2022-06-08T21:34:05 CEST" duration-ms="1394" status="FAIL">
          <exception class="java.lang.AssertionError">
            <message>
              <![CDATA[Lists differ at element [0]: 7.99 != 49.99 expected [7.99] but found [49.99]]]>
            </message>
            <full-stacktrace>
              <![CDATA[java.lang.AssertionError: Lists differ at element [0]: 7.99 != 49.99 expected [7.99] but found [49.99]
at org.testng.Assert.fail(Assert.java:110)
at org.testng.Assert.failNotEquals(Assert.java:1413)
at org.testng.Assert.assertEqualsImpl(Assert.java:149)
at org.testng.Assert.assertEquals(Assert.java:1479)
at org.testng.Assert.assertEquals(Assert.java:1441)
at swag.lab.test.plp.PLPSorting.sortingPLP(PLPSorting.java:51)
at java.base/jdk.internal.reflect.DirectMethodHandleAccessor.invoke(DirectMethodHandleAccessor.java:104)
at java.base/java.lang.reflect.Method.invoke(Method.java:577)
at org.testng.internal.invokers.MethodInvocationHelper.invokeMethod(MethodInvocationHelper.java:135)
at org.testng.internal.invokers.TestInvoker.invokeMethod(TestInvoker.java:673)
at org.testng.internal.invokers.TestInvoker.invokeTestMethod(TestInvoker.java:220)
at org.testng.internal.invokers.MethodRunner.runInSequence(MethodRunner.java:50)
at org.testng.internal.invokers.TestInvoker$MethodInvocationAgent.invoke(TestInvoker.java:945)
at org.testng.internal.invokers.TestInvoker.invokeTestMethods(TestInvoker.java:193)
at org.testng.internal.invokers.TestMethodWorker.invokeTestMethods(TestMethodWorker.java:146)
at org.testng.internal.invokers.TestMethodWorker.run(TestMethodWorker.java:128)
at java.base/java.util.ArrayList.forEach(ArrayList.java:1511)
at org.testng.TestRunner.privateRun(TestRunner.java:808)
at org.testng.TestRunner.run(TestRunner.java:603)
at org.testng.SuiteRunner.runTest(SuiteRunner.java:429)
at org.testng.SuiteRunner.runSequentially(SuiteRunner.java:423)
at org.testng.SuiteRunner.privateRun(SuiteRunner.java:383)
at org.testng.SuiteRunner.run(SuiteRunner.java:326)
at org.testng.SuiteRunnerWorker.runSuite(SuiteRunnerWorker.java:52)
at org.testng.SuiteRunnerWorker.run(SuiteRunnerWorker.java:95)
at org.testng.TestNG.runSuitesSequentially(TestNG.java:1249)
at org.testng.TestNG.runSuitesLocally(TestNG.java:1169)
at org.testng.TestNG.runSuites(TestNG.java:1092)
at org.testng.TestNG.run(TestNG.java:1060)
at org.apache.maven.surefire.testng.TestNGExecutor.run(TestNGExecutor.java:324)
at org.apache.maven.surefire.testng.TestNGXmlTestSuite.execute(TestNGXmlTestSuite.java:74)
at org.apache.maven.surefire.testng.TestNGProvider.invoke(TestNGProvider.java:123)
at org.apache.maven.surefire.booter.ForkedBooter.runSuitesInProcess(ForkedBooter.java:456)
at org.apache.maven.surefire.booter.ForkedBooter.execute(ForkedBooter.java:169)
at org.apache.maven.surefire.booter.ForkedBooter.run(ForkedBooter.java:595)
at org.apache.maven.surefire.booter.ForkedBooter.main(ForkedBooter.java:581)
]]>
            </full-stacktrace>
          </exception> <!-- java.lang.AssertionError -->
          <reporter-output>
          </reporter-output>
        </test-method> <!-- sortingPLP -->
        <test-method is-config="true" signature="endTest()[pri:0, instance:swag.lab.test.plp.PLPSorting@15b204a1]" started-at="2022-06-08T21:34:05 CEST" name="endTest" finished-at="2022-06-08T21:34:05 CEST" duration-ms="126" status="PASS">
          <reporter-output>
          </reporter-output>
        </test-method> <!-- endTest -->
      </class> <!-- swag.lab.test.plp.PLPSorting -->
    </test> <!-- PLP Sorting -->
  </suite> <!-- Test All -->
</testng-results>
